

Microchip Technology PIC LITE Macro Assembler V2.00 build -1524193055 
                                                                                               Thu Jul 19 21:28:26 2018

Microchip Technology Omniscient Code Generator v2.00 (Free mode) build 20180527130849
     1  0000                     
      + 0000                     
     2                           ; Version 2.00
     3                           ; Generated 27/05/2018 GMT
     4                           
     5                           ; 
     6                           ; Copyright © 2018, Microchip Technology Inc. and its subsidiaries ("Microchip")
     7                           ; All rights reserved.
     8                           ; 
     9                           ; This software is developed by Microchip Technology Inc. and its subsidiaries ("Microch
                                 ip").
    10                           ; 
    11                           ; Redistribution and use in source and binary forms, with or without modification, are
    12                           ; permitted provided that the following conditions are met:
    13                           ; 
    14                           ;     1. Redistributions of source code must retain the above copyright notice, this lis
                                 t of
    15                           ;        conditions and the following disclaimer.
    16                           ; 
    17                           ;     2. Redistributions in binary form must reproduce the above copyright notice, this 
                                 list
    18                           ;        of conditions and the following disclaimer in the documentation and/or other
    19                           ;        materials provided with the distribution.
    20                           ; 
    21                           ;     3. Microchip's name may not be used to endorse or promote products derived from th
                                 is
    22                           ;        software without specific prior written permission.
    23                           ; 
    24                           ; THIS SOFTWARE IS PROVIDED BY MICROCHIP "AS IS" AND ANY EXPRESS OR IMPLIED WARRANTIES,

    25                           ; INCLUDING, BUT NOT LIMITED TO, THE IMPLIED WARRANTIES OF MERCHANTABILITY AND FITNESS F
                                 OR
    26                           ; PURPOSE ARE DISCLAIMED.  IN NO EVENT SHALL MICROCHIP BE LIABLE FOR ANY DIRECT, INDIREC
                                 T,
    27                           ; INCIDENTAL, SPECIAL, EXEMPLARY, OR CONSEQUENTIAL DAMAGES (INCLUDING BUT NOT LIMITED TO
                                 
    28                           ; PROCUREMENT OF SUBSTITUTE GOODS OR SERVICES; LOSS OF USE, DATA OR PROFITS; OR BUSINESS
                                 
    29                           ; INTERRUPTION) HOWSOEVER CAUSED AND ON ANY THEORY OF LIABILITY, WHETHER IN CONTRACT, ST
                                 RICT
    30                           ; LIABILITY, OR TORT (INCLUDING NEGLIGENCE OR OTHERWISE) ARISING IN ANY WAY OUT OF THE U
                                 SE OF
    31                           ; THIS SOFTWARE, EVEN IF ADVISED OF THE POSSIBILITY OF SUCH DAMAGE.
    32                           ; 
    33                           
    34                           
    35                           ; 
    36                           ; Code-generator required, PIC16F15323 Definitions
    37                           ; 
    38  0008                     fsr0h equ 05h
    39  0005                     fsr0l equ 04h
    40  0004                     fsr1h equ 07h
    41  0007                     fsr1l equ 06h
    42  0006                     indf equ 00h
    43  0000                     indf0 equ 00h
    44  0000                     indf1 equ 01h
    45  0001                     intcon equ 0Bh
    46  000B                     pc equ 02h
    47  0002                     pcl equ 02h
    48  0002                     pclath equ 0Ah
    49  000A                     status equ 03h
    50  0003                     wreg equ 09h
    51  0009                     
     2                           opt pagewidth 120
     3  0000                     byte0	macro	val
     4                           	(getbyte(val,0))
     5                           endm
     6  0000                     byte1	macro	val
     7                           	(getbyte(val,1))
     8                           endm
     9  0000                     byte2	macro	val
    10                           	(getbyte(val,2))
    11                           endm
    12  0000                     byte3	macro	val
    13                           	(getbyte(val,3))
    14                           endm
    15  0000                     byte4	macro	val
    16                           	(getbyte(val,4))
    17                           endm
    18  0000                     byte5	macro	val
    19                           	(getbyte(val,5))
    20                           endm
    21  0000                     byte6	macro	val
    22                           	(getbyte(val,6))
    23                           endm
    24  0000                     byte7	macro	val
    25                           	(getbyte(val,7))
    26                           endm
    27  0000                     getword	macro	val,pos
    28                           	(((val) >> (8 * pos)) and 0xffff)
    29                           endm
    30  0000                     word0	macro	val
    31                           	(getword(val,0))
    32                           endm
    33  0000                     word1	macro	val
    34                           	(getword(val,2))
    35                           endm
    36  0000                     word2	macro	val
    37                           	(getword(val,4))
    38                           endm
    39  0000                     word3	macro	val
    40                           	(getword(val,6))
    41                           endm
    42  0000                     gettword	macro	val,pos
    43                           	(((val) >> (8 * pos)) and 0xffffff)
    44                           endm
    45  0000                     tword0	macro	val
    46                           	(gettword(val,0))
    47                           endm
    48  0000                     tword1	macro	val
    49                           	(gettword(val,3))
    50                           endm
    51  0000                     tword2	macro	val
    52                           	(gettword(val,6))
    53                           endm
    54  0000                     getdword	macro	val,pos
    55                           	(((val) >> (8 * pos)) and 0xffffffff)
    56                           endm
    57  0000                     dword0	macro	val
    58                           	(getdword(val,0))
    59                           endm
    60  0000                     dword1	macro	val
    61                           	(getdword(val,4))
    62                           endm
    63  0000                     clrc	macro
    64                           	bcf	3,0
    65                           	endm
    66  0000                     clrz	macro
    67                           	bcf	3,2
    68                           	endm
    69  0000                     setc	macro
    70                           	bsf	3,0
    71                           	endm
    72  0000                     setz	macro
    73                           	bsf	3,2
    74                           	endm
    75  0000                     skipc	macro
    76                           	btfss	3,0
    77                           	endm
    78  0000                     skipz	macro
    79                           	btfss	3,2
    80                           	endm
    81  0000                     skipnc	macro
    82                           	btfsc	3,0
    83                           	endm
    84  0000                     skipnz	macro
    85                           	btfsc	3,2
    86                           	endm
    87  0000                     pushw	macro
    88                           	movwi fsr1++
    89                           	endm
    90  0000                     popw	macro
    91                           	moviw --fsr1
    92                           	endm
    93  0000                     	FNROOT	_main
    94                           ; #config settings
    95                           	file	"C:\Users\DAVIDM~1\AppData\Local\Temp\sf5s."
    96                           	line	#
    97                           psect cinit,class=CODE,delta=2
    98                           global start_initialization
    99                           start_initialization:
   100  07FE                     
   101                           global __initialization
   102                           __initialization:
   103  07FE                     psect cinit,class=CODE,delta=2,merge=1
   104                           global end_of_initialization,__end_of__initialization
   105                           
   106                           ;End of C runtime variable initialization code
   107                           
   108                           end_of_initialization:
   109  07FE                     __end_of__initialization:
   110  07FE                     movlb 0
   111  07FE  0140               ljmp _main	;jump to C main() function
   112  07FF  2FD0               psect	cstackCOMMON,class=COMMON,space=1,noexec
   113                           global __pcstackCOMMON
   114                           __pcstackCOMMON:
   115  0070                     ?_main:	; 2 bytes @ 0x0
   116  0070                     main@argc:	; 2 bytes @ 0x0
   117  0070                     	ds	2
   118  0070                     main@argv:	; 2 bytes @ 0x2
   119  0072                     	ds	2
   120  0072                     ??_main:	; 1 bytes @ 0x4
   121  0074                     	ds	1
   122  0074                     	global	main@i
   123                           main@i:	; 2 bytes @ 0x5
   124  0075                     	ds	2
   125  0075                     ;!
   126                           ;!Data Sizes:
   127                           ;!    Strings     0
   128                           ;!    Constant    0
   129                           ;!    Data        0
   130                           ;!    BSS         0
   131                           ;!    Persistent  0
   132                           ;!    Stack       0
   133                           ;!
   134                           ;!Auto Spaces:
   135                           ;!    Space          Size  Autos    Used
   136                           ;!    COMMON           14      7       7
   137                           ;!    BANK0            80      0       0
   138                           ;!    BANK1            80      0       0
   139                           ;!    BANK2            80      0       0
   140                           
   141                           ;!
   142                           ;!Pointer List with Targets:
   143                           ;!
   144                           ;!    None.
   145                           
   146                           
   147                           ;!
   148                           ;!Critical Paths under _main in COMMON
   149                           ;!
   150                           ;!    None.
   151                           ;!
   152                           ;!Critical Paths under _main in BANK0
   153                           ;!
   154                           ;!    None.
   155                           ;!
   156                           ;!Critical Paths under _main in BANK1
   157                           ;!
   158                           ;!    None.
   159                           ;!
   160                           ;!Critical Paths under _main in BANK2
   161                           ;!
   162                           ;!    None.
   163                           
   164 ;;
   165 ;;Main: autosize = 0, tempsize = 1, incstack = 0, save=0
   166 ;;
   167                           
   168                           ;!
   169                           ;!Call Graph Tables:
   170                           ;!
   171                           ;! ---------------------------------------------------------------------------------
   172                           ;! (Depth) Function   	        Calls       Base Space   Used Autos Params    Refs
   173                           ;! ---------------------------------------------------------------------------------
   174                           ;! (0) _main                                                 7     3      4      69
   175                           ;!                                              0 COMMON     7     3      4
   176                           ;! ---------------------------------------------------------------------------------
   177                           ;! Estimated maximum stack depth 0
   178                           ;! ---------------------------------------------------------------------------------
   179                           ;!
   180                           ;! Call Graph Graphs:
   181                           ;!
   182                           ;! _main (ROOT)
   183                           ;!
   184                           
   185                           ;! Address spaces:
   186                           
   187                           ;!Name               Size   Autos  Total    Cost      Usage
   188                           ;!BIGRAM              F0      0       0       0        0.0%
   189                           ;!NULL                 0      0       0       0        0.0%
   190                           ;!CODE                 0      0       0       0        0.0%
   191                           ;!BITCOMMON            E      0       0       1        0.0%
   192                           ;!BITSFR0              0      0       0       1        0.0%
   193                           ;!SFR0                 0      0       0       1        0.0%
   194                           ;!COMMON               E      7       7       2       50.0%
   195                           ;!BITSFR1              0      0       0       2        0.0%
   196                           ;!SFR1                 0      0       0       2        0.0%
   197                           ;!BITSFR2              0      0       0       3        0.0%
   198                           ;!SFR2                 0      0       0       3        0.0%
   199                           ;!STACK                0      0       0       3        0.0%
   200                           ;!BITBANK0            50      0       0       4        0.0%
   201                           ;!BITSFR3              0      0       0       4        0.0%
   202                           ;!SFR3                 0      0       0       4        0.0%
   203                           ;!BANK0               50      0       0       5        0.0%
   204                           ;!BITSFR4              0      0       0       5        0.0%
   205                           ;!SFR4                 0      0       0       5        0.0%
   206                           ;!BITBANK1            50      0       0       6        0.0%
   207                           ;!BITSFR5              0      0       0       6        0.0%
   208                           ;!SFR5                 0      0       0       6        0.0%
   209                           ;!BANK1               50      0       0       7        0.0%
   210                           ;!BITSFR6              0      0       0       7        0.0%
   211                           ;!SFR6                 0      0       0       7        0.0%
   212                           ;!BITBANK2            50      0       0       8        0.0%
   213                           ;!BITSFR7              0      0       0       8        0.0%
   214                           ;!SFR7                 0      0       0       8        0.0%
   215                           ;!BANK2               50      0       0       9        0.0%
   216                           ;!BITSFR8              0      0       0       9        0.0%
   217                           ;!SFR8                 0      0       0       9        0.0%
   218                           ;!BITSFR9              0      0       0      10        0.0%
   219                           ;!SFR9                 0      0       0      10        0.0%
   220                           ;!ABS                  0      0       0      10        0.0%
   221                           ;!BITSFR10             0      0       0      11        0.0%
   222                           ;!SFR10                0      0       0      11        0.0%
   223                           ;!DATA                 0      0       0      11        0.0%
   224                           ;!BITSFR11             0      0       0      12        0.0%
   225                           ;!SFR11                0      0       0      12        0.0%
   226                           ;!BITSFR12             0      0       0      13        0.0%
   227                           ;!SFR12                0      0       0      13        0.0%
   228                           ;!BITSFR13             0      0       0      14        0.0%
   229                           ;!SFR13                0      0       0      14        0.0%
   230                           ;!BITSFR14             0      0       0      15        0.0%
   231                           ;!SFR14                0      0       0      15        0.0%
   232                           ;!BITSFR15             0      0       0      16        0.0%
   233                           ;!SFR15                0      0       0      16        0.0%
   234                           ;!BITSFR16             0      0       0      17        0.0%
   235                           ;!SFR16                0      0       0      17        0.0%
   236                           ;!BITSFR17             0      0       0      18        0.0%
   237                           ;!SFR17                0      0       0      18        0.0%
   238                           ;!BITSFR18             0      0       0      19        0.0%
   239                           ;!SFR18                0      0       0      19        0.0%
   240                           ;!BITSFR19             0      0       0      20        0.0%
   241                           ;!SFR19                0      0       0      20        0.0%
   242                           ;!BITSFR20             0      0       0      21        0.0%
   243                           ;!SFR20                0      0       0      21        0.0%
   244                           ;!BITSFR21             0      0       0      22        0.0%
   245                           ;!SFR21                0      0       0      22        0.0%
   246                           ;!BITSFR22             0      0       0      23        0.0%
   247                           ;!SFR22                0      0       0      23        0.0%
   248                           ;!BITSFR23             0      0       0      24        0.0%
   249                           ;!SFR23                0      0       0      24        0.0%
   250                           ;!BITSFR24             0      0       0      25        0.0%
   251                           ;!SFR24                0      0       0      25        0.0%
   252                           ;!BITSFR25             0      0       0      26        0.0%
   253                           ;!SFR25                0      0       0      26        0.0%
   254                           ;!BITSFR26             0      0       0      27        0.0%
   255                           ;!SFR26                0      0       0      27        0.0%
   256                           ;!BITSFR27             0      0       0      28        0.0%
   257                           ;!SFR27                0      0       0      28        0.0%
   258                           ;!BITSFR28             0      0       0      29        0.0%
   259                           ;!SFR28                0      0       0      29        0.0%
   260                           ;!BITSFR29             0      0       0      30        0.0%
   261                           ;!SFR29                0      0       0      30        0.0%
   262                           ;!BITSFR30             0      0       0      31        0.0%
   263                           ;!SFR30                0      0       0      31        0.0%
   264                           ;!BITSFR31             0      0       0      32        0.0%
   265                           ;!SFR31                0      0       0      32        0.0%
   266                           ;!BITSFR32             0      0       0      33        0.0%
   267                           ;!SFR32                0      0       0      33        0.0%
   268                           ;!BITSFR33             0      0       0      34        0.0%
   269                           ;!SFR33                0      0       0      34        0.0%
   270                           ;!BITSFR34             0      0       0      35        0.0%
   271                           ;!SFR34                0      0       0      35        0.0%
   272                           ;!BITSFR35             0      0       0      36        0.0%
   273                           ;!SFR35                0      0       0      36        0.0%
   274                           ;!BITSFR36             0      0       0      37        0.0%
   275                           ;!SFR36                0      0       0      37        0.0%
   276                           ;!BITSFR37             0      0       0      38        0.0%
   277                           ;!SFR37                0      0       0      38        0.0%
   278                           ;!BITSFR38             0      0       0      39        0.0%
   279                           ;!SFR38                0      0       0      39        0.0%
   280                           ;!BITSFR39             0      0       0      40        0.0%
   281                           ;!SFR39                0      0       0      40        0.0%
   282                           ;!BITSFR40             0      0       0      41        0.0%
   283                           ;!SFR40                0      0       0      41        0.0%
   284                           ;!BITSFR41             0      0       0      42        0.0%
   285                           ;!SFR41                0      0       0      42        0.0%
   286                           ;!BITSFR42             0      0       0      43        0.0%
   287                           ;!SFR42                0      0       0      43        0.0%
   288                           ;!BITSFR43             0      0       0      44        0.0%
   289                           ;!SFR43                0      0       0      44        0.0%
   290                           ;!BITSFR44             0      0       0      45        0.0%
   291                           ;!SFR44                0      0       0      45        0.0%
   292                           ;!BITSFR45             0      0       0      46        0.0%
   293                           ;!SFR45                0      0       0      46        0.0%
   294                           ;!BITSFR46             0      0       0      47        0.0%
   295                           ;!SFR46                0      0       0      47        0.0%
   296                           ;!BITSFR47             0      0       0      48        0.0%
   297                           ;!SFR47                0      0       0      48        0.0%
   298                           ;!BITSFR48             0      0       0      49        0.0%
   299                           ;!SFR48                0      0       0      49        0.0%
   300                           ;!BITSFR49             0      0       0      50        0.0%
   301                           ;!SFR49                0      0       0      50        0.0%
   302                           ;!BITSFR50             0      0       0      51        0.0%
   303                           ;!SFR50                0      0       0      51        0.0%
   304                           ;!BITSFR51             0      0       0      52        0.0%
   305                           ;!SFR51                0      0       0      52        0.0%
   306                           ;!BITSFR52             0      0       0      53        0.0%
   307                           ;!SFR52                0      0       0      53        0.0%
   308                           ;!BITSFR53             0      0       0      54        0.0%
   309                           ;!SFR53                0      0       0      54        0.0%
   310                           ;!BITSFR54             0      0       0      55        0.0%
   311                           ;!SFR54                0      0       0      55        0.0%
   312                           ;!BITSFR55             0      0       0      56        0.0%
   313                           ;!SFR55                0      0       0      56        0.0%
   314                           ;!BITSFR56             0      0       0      57        0.0%
   315                           ;!SFR56                0      0       0      57        0.0%
   316                           ;!BITSFR57             0      0       0      58        0.0%
   317                           ;!SFR57                0      0       0      58        0.0%
   318                           ;!BITSFR58             0      0       0      59        0.0%
   319                           ;!SFR58                0      0       0      59        0.0%
   320                           ;!BITSFR59             0      0       0      60        0.0%
   321                           ;!SFR59                0      0       0      60        0.0%
   322                           ;!BITSFR60             0      0       0      61        0.0%
   323                           ;!SFR60                0      0       0      61        0.0%
   324                           ;!BITSFR61             0      0       0      62        0.0%
   325                           ;!SFR61                0      0       0      62        0.0%
   326                           ;!BITSFR62             0      0       0      63        0.0%
   327                           ;!SFR62                0      0       0      63        0.0%
   328                           ;!BITSFR63             0      0       0      64        0.0%
   329                           ;!SFR63                0      0       0      64        0.0%
   330                           
   331                           	global	_main
   332                           
   333 ;; *************** function _main *****************
   334 ;; Defined at:
   335 ;;		line 26 in file "main.c"
   336 ;; Parameters:    Size  Location     Type
   337 ;;  argc            2    0[COMMON] int 
   338 ;;  argv            2    2[COMMON] PTR PTR unsigned char 
   339 ;; Auto vars:     Size  Location     Type
   340 ;;  i               2    5[COMMON] int 
   341 ;; Return value:  Size  Location     Type
   342 ;;                  2    0[COMMON] int 
   343 ;; Registers used:
   344 ;;		wreg, status,2, status,0
   345 ;; Tracked objects:
   346 ;;		On entry : B3F/0
   347 ;;		On exit  : 0/0
   348 ;;		Unchanged: 0/0
   349 ;; Data sizes:     COMMON   BANK0   BANK1   BANK2
   350 ;;      Params:         4       0       0       0
   351 ;;      Locals:         2       0       0       0
   352 ;;      Temps:          1       0       0       0
   353 ;;      Totals:         7       0       0       0
   354 ;;Total ram usage:        7 bytes
   355 ;; This function calls:
   356 ;;		Nothing
   357 ;; This function is called by:
   358 ;;		Startup code after reset
   359 ;; This function uses a non-reentrant model
   360 ;;
   361                           psect	maintext,global,class=CODE,delta=2,merge=1,split=1,group=0
   362                           	file	"main.c"
   363                           	line	26
   364                           global __pmaintext
   365                           __pmaintext:	;psect for function _main
   366  07D0                     psect	maintext
   367                           	file	"main.c"
   368                           	line	26
   369                           	global	__size_of_main
   370                           	__size_of_main	equ	__end_of_main-_main
   371  002E                     	
   372                           _main:	
   373  07D0                     ;incstack = 0
   374                           	opt	stack 16
   375                           ; Regs used in _main: [wreg+status,2+status,0]
   376                           	line	29
   377                           	
   378                           l465:	
   379  07D0                     ;main.c: 28:     int i;;main.c: 29:     for (i = 0; i < 255; i++){
   380                           	clrf	(main@i)
   381  07D0  01F5               	clrf	(main@i+1)
   382  07D1  01F6               	
   383                           l467:	
   384  07D2                     	movf	(main@i+1),w
   385  07D2  0876               	xorlw	80h
   386  07D3  3A80               	movwf	(??_main+0)+0
   387  07D4  00F4               	movlw	(0)^80h
   388  07D5  3080               	subwf	(??_main+0)+0,w
   389  07D6  0274               	skipz
   390  07D7  1D03               	goto	u45
   391  07D8  2FDB               	movlw	0FFh
   392  07D9  30FF               	subwf	(main@i),w
   393  07DA  0275               u45:
   394  07DB                     
   395                           	skipc
   396  07DB  1C03               	goto	u41
   397  07DC  2FDE               	goto	u40
   398  07DD  2FDF               u41:
   399  07DE                     	goto	l471
   400  07DE  2FE1               u40:
   401  07DF                     	goto	l8
   402  07DF  2FFD               	
   403                           l469:	
   404  07E0                     	goto	l8
   405  07E0  2FFD               	
   406                           l5:	
   407  07E1                     	line	30
   408                           	
   409                           l471:	
   410  07E1                     ;main.c: 30:         if(i == 254)
   411                           		movlw	254
   412  07E1  30FE               	xorwf	((main@i)),w
   413  07E2  0675               iorwf	((main@i+1)),w
   414  07E3  0476               	btfss	status,2
   415  07E4  1D03               	goto	u51
   416  07E5  2FE7               	goto	u50
   417  07E6  2FE8               u51:
   418  07E7                     	goto	l475
   419  07E7  2FEB               u50:
   420  07E8                     	line	31
   421                           	
   422                           l473:	
   423  07E8                     ;main.c: 31:             i = 0;
   424                           	clrf	(main@i)
   425  07E8  01F5               	clrf	(main@i+1)
   426  07E9  01F6               	goto	l475
   427  07EA  2FEB               	
   428                           l7:	
   429  07EB                     	line	32
   430                           	
   431                           l475:	
   432  07EB                     ;main.c: 32:     }
   433                           	movlw	01h
   434  07EB  3001               	addwf	(main@i),f
   435  07EC  07F5               	movlw	0
   436  07ED  3000               	addwfc	(main@i+1),f
   437  07EE  3DF6               	
   438                           l477:	
   439  07EF                     	movf	(main@i+1),w
   440  07EF  0876               	xorlw	80h
   441  07F0  3A80               	movwf	(??_main+0)+0
   442  07F1  00F4               	movlw	(0)^80h
   443  07F2  3080               	subwf	(??_main+0)+0,w
   444  07F3  0274               	skipz
   445  07F4  1D03               	goto	u65
   446  07F5  2FF8               	movlw	0FFh
   447  07F6  30FF               	subwf	(main@i),w
   448  07F7  0275               u65:
   449  07F8                     
   450                           	skipc
   451  07F8  1C03               	goto	u61
   452  07F9  2FFB               	goto	u60
   453  07FA  2FFC               u61:
   454  07FB                     	goto	l471
   455  07FB  2FE1               u60:
   456  07FC                     	goto	l8
   457  07FC  2FFD               	
   458                           l6:	
   459  07FD                     	line	33
   460                           	
   461                           l8:	
   462  07FD                     	global	start
   463                           	ljmp	start
   464  07FD  2801               	opt stack 0
   465                           GLOBAL	__end_of_main
   466                           	__end_of_main:
   467  07FE                     	signat	_main,8314
   468                           global	___latbits
   469                           ___latbits	equ	0
   470  0000                     	global	btemp
   471                           	btemp set 07Eh
   472  007E                     
   473                           	DABS	1,126,2	;btemp
   474                           	global	wtemp0
   475                           	wtemp0 set btemp+0
   476  007E                     	end


Data Sizes:
    Strings     0
    Constant    0
    Data        0
    BSS         0
    Persistent  0
    Stack       0

Auto Spaces:
    Space          Size  Autos    Used
    COMMON           14      7       7
    BANK0            80      0       0
    BANK1            80      0       0
    BANK2            80      0       0

Pointer List with Targets:

    None.

Critical Paths under _main in COMMON

    None.

Critical Paths under _main in BANK0

    None.

Critical Paths under _main in BANK1

    None.

Critical Paths under _main in BANK2

    None.

Call Graph Tables:

 ---------------------------------------------------------------------------------
 (Depth) Function   	        Calls       Base Space   Used Autos Params    Refs
 ---------------------------------------------------------------------------------
 (0) _main                                                 7     3      4      69
                                              0 COMMON     7     3      4
 ---------------------------------------------------------------------------------
 Estimated maximum stack depth 0
 ---------------------------------------------------------------------------------

 Call Graph Graphs:

 _main (ROOT)

 Address spaces:
Name               Size   Autos  Total    Cost      Usage
BIGRAM              F0      0       0       0        0.0%
NULL                 0      0       0       0        0.0%
CODE                 0      0       0       0        0.0%
BITCOMMON            E      0       0       1        0.0%
BITSFR0              0      0       0       1        0.0%
SFR0                 0      0       0       1        0.0%
COMMON               E      7       7       2       50.0%
BITSFR1              0      0       0       2        0.0%
SFR1                 0      0       0       2        0.0%
BITSFR2              0      0       0       3        0.0%
SFR2                 0      0       0       3        0.0%
STACK                0      0       0       3        0.0%
BITBANK0            50      0       0       4        0.0%
BITSFR3              0      0       0       4        0.0%
SFR3                 0      0       0       4        0.0%
BANK0               50      0       0       5        0.0%
BITSFR4              0      0       0       5        0.0%
SFR4                 0      0       0       5        0.0%
BITBANK1            50      0       0       6        0.0%
BITSFR5              0      0       0       6        0.0%
SFR5                 0      0       0       6        0.0%
BANK1               50      0       0       7        0.0%
BITSFR6              0      0       0       7        0.0%
SFR6                 0      0       0       7        0.0%
BITBANK2            50      0       0       8        0.0%
BITSFR7              0      0       0       8        0.0%
SFR7                 0      0       0       8        0.0%
BANK2               50      0       0       9        0.0%
BITSFR8              0      0       0       9        0.0%
SFR8                 0      0       0       9        0.0%
BITSFR9              0      0       0      10        0.0%
SFR9                 0      0       0      10        0.0%
ABS                  0      0       0      10        0.0%
BITSFR10             0      0       0      11        0.0%
SFR10                0      0       0      11        0.0%
DATA                 0      0       0      11        0.0%
BITSFR11             0      0       0      12        0.0%
SFR11                0      0       0      12        0.0%
BITSFR12             0      0       0      13        0.0%
SFR12                0      0       0      13        0.0%
BITSFR13             0      0       0      14        0.0%
SFR13                0      0       0      14        0.0%
BITSFR14             0      0       0      15        0.0%
SFR14                0      0       0      15        0.0%
BITSFR15             0      0       0      16        0.0%
SFR15                0      0       0      16        0.0%
BITSFR16             0      0       0      17        0.0%
SFR16                0      0       0      17        0.0%
BITSFR17             0      0       0      18        0.0%
SFR17                0      0       0      18        0.0%
BITSFR18             0      0       0      19        0.0%
SFR18                0      0       0      19        0.0%
BITSFR19             0      0       0      20        0.0%
SFR19                0      0       0      20        0.0%
BITSFR20             0      0       0      21        0.0%
SFR20                0      0       0      21        0.0%
BITSFR21             0      0       0      22        0.0%
SFR21                0      0       0      22        0.0%
BITSFR22             0      0       0      23        0.0%
SFR22                0      0       0      23        0.0%
BITSFR23             0      0       0      24        0.0%
SFR23                0      0       0      24        0.0%
BITSFR24             0      0       0      25        0.0%
SFR24                0      0       0      25        0.0%
BITSFR25             0      0       0      26        0.0%
SFR25                0      0       0      26        0.0%
BITSFR26             0      0       0      27        0.0%
SFR26                0      0       0      27        0.0%
BITSFR27             0      0       0      28        0.0%
SFR27                0      0       0      28        0.0%
BITSFR28             0      0       0      29        0.0%
SFR28                0      0       0      29        0.0%
BITSFR29             0      0       0      30        0.0%
SFR29                0      0       0      30        0.0%
BITSFR30             0      0       0      31        0.0%
SFR30                0      0       0      31        0.0%
BITSFR31             0      0       0      32        0.0%
SFR31                0      0       0      32        0.0%
BITSFR32             0      0       0      33        0.0%
SFR32                0      0       0      33        0.0%
BITSFR33             0      0       0      34        0.0%
SFR33                0      0       0      34        0.0%
BITSFR34             0      0       0      35        0.0%
SFR34                0      0       0      35        0.0%
BITSFR35             0      0       0      36        0.0%
SFR35                0      0       0      36        0.0%
BITSFR36             0      0       0      37        0.0%
SFR36                0      0       0      37        0.0%
BITSFR37             0      0       0      38        0.0%
SFR37                0      0       0      38        0.0%
BITSFR38             0      0       0      39        0.0%
SFR38                0      0       0      39        0.0%
BITSFR39             0      0       0      40        0.0%
SFR39                0      0       0      40        0.0%
BITSFR40             0      0       0      41        0.0%
SFR40                0      0       0      41        0.0%
BITSFR41             0      0       0      42        0.0%
SFR41                0      0       0      42        0.0%
BITSFR42             0      0       0      43        0.0%
SFR42                0      0       0      43        0.0%
BITSFR43             0      0       0      44        0.0%
SFR43                0      0       0      44        0.0%
BITSFR44             0      0       0      45        0.0%
SFR44                0      0       0      45        0.0%
BITSFR45             0      0       0      46        0.0%
SFR45                0      0       0      46        0.0%
BITSFR46             0      0       0      47        0.0%
SFR46                0      0       0      47        0.0%
BITSFR47             0      0       0      48        0.0%
SFR47                0      0       0      48        0.0%
BITSFR48             0      0       0      49        0.0%
SFR48                0      0       0      49        0.0%
BITSFR49             0      0       0      50        0.0%
SFR49                0      0       0      50        0.0%
BITSFR50             0      0       0      51        0.0%
SFR50                0      0       0      51        0.0%
BITSFR51             0      0       0      52        0.0%
SFR51                0      0       0      52        0.0%
BITSFR52             0      0       0      53        0.0%
SFR52                0      0       0      53        0.0%
BITSFR53             0      0       0      54        0.0%
SFR53                0      0       0      54        0.0%
BITSFR54             0      0       0      55        0.0%
SFR54                0      0       0      55        0.0%
BITSFR55             0      0       0      56        0.0%
SFR55                0      0       0      56        0.0%
BITSFR56             0      0       0      57        0.0%
SFR56                0      0       0      57        0.0%
BITSFR57             0      0       0      58        0.0%
SFR57                0      0       0      58        0.0%
BITSFR58             0      0       0      59        0.0%
SFR58                0      0       0      59        0.0%
BITSFR59             0      0       0      60        0.0%
SFR59                0      0       0      60        0.0%
BITSFR60             0      0       0      61        0.0%
SFR60                0      0       0      61        0.0%
BITSFR61             0      0       0      62        0.0%
SFR61                0      0       0      62        0.0%
BITSFR62             0      0       0      63        0.0%
SFR62                0      0       0      63        0.0%
BITSFR63             0      0       0      64        0.0%
SFR63                0      0       0      64        0.0%


Microchip Technology PIC Macro Assembler V2.00 build -1524193055 
Symbol Table                                                                                   Thu Jul 19 21:28:26 2018

                      l5 07E1                        l6 07FD                        l7 07EB  
                      l8 07FD                       u40 07DF                       u41 07DE  
                     u50 07E8                       u51 07E7                       u60 07FC  
                     u61 07FB                       u45 07DB                       u65 07F8  
                    l471 07E1                      l473 07E8                      l465 07D0  
                    l475 07EB                      l467 07D2                      l477 07EF  
                    l469 07E0                     _main 07D0                     btemp 007E  
                   start 0001                    ?_main 0070                    main@i 0075  
                  status 0003                    wtemp0 007E          __initialization 07FE  
           __end_of_main 07FE                   ??_main 0074  __end_of__initialization 07FE  
         __pcstackCOMMON 0070               __pmaintext 07D0     end_of_initialization 07FE  
    start_initialization 07FE                ___latbits 0000            __size_of_main 002E  
               main@argc 0070                 main@argv 0072  
