

Microchip Technology PIC LITE Macro Assembler V2.00 build -1524193055 
                                                                                               Thu Jul 19 20:49:36 2018

Microchip Technology Omniscient Code Generator v2.00 (Free mode) build 20180527130849
     1  0000                     
      + 0000                     
     2                           ; Version 2.00
     3                           ; Generated 27/05/2018 GMT
     4                           
     5                           ; 
     6                           ; Copyright © 2018, Microchip Technology Inc. and its subsidiaries ("Microchip")
     7                           ; All rights reserved.
     8                           ; 
     9                           ; This software is developed by Microchip Technology Inc. and its subsidiaries ("Microch
                                 ip").
    10                           ; 
    11                           ; Redistribution and use in source and binary forms, with or without modification, are
    12                           ; permitted provided that the following conditions are met:
    13                           ; 
    14                           ;     1. Redistributions of source code must retain the above copyright notice, this lis
                                 t of
    15                           ;        conditions and the following disclaimer.
    16                           ; 
    17                           ;     2. Redistributions in binary form must reproduce the above copyright notice, this 
                                 list
    18                           ;        of conditions and the following disclaimer in the documentation and/or other
    19                           ;        materials provided with the distribution.
    20                           ; 
    21                           ;     3. Microchip's name may not be used to endorse or promote products derived from th
                                 is
    22                           ;        software without specific prior written permission.
    23                           ; 
    24                           ; THIS SOFTWARE IS PROVIDED BY MICROCHIP "AS IS" AND ANY EXPRESS OR IMPLIED WARRANTIES,

    25                           ; INCLUDING, BUT NOT LIMITED TO, THE IMPLIED WARRANTIES OF MERCHANTABILITY AND FITNESS F
                                 OR
    26                           ; PURPOSE ARE DISCLAIMED.  IN NO EVENT SHALL MICROCHIP BE LIABLE FOR ANY DIRECT, INDIREC
                                 T,
    27                           ; INCIDENTAL, SPECIAL, EXEMPLARY, OR CONSEQUENTIAL DAMAGES (INCLUDING BUT NOT LIMITED TO
                                 
    28                           ; PROCUREMENT OF SUBSTITUTE GOODS OR SERVICES; LOSS OF USE, DATA OR PROFITS; OR BUSINESS
                                 
    29                           ; INTERRUPTION) HOWSOEVER CAUSED AND ON ANY THEORY OF LIABILITY, WHETHER IN CONTRACT, ST
                                 RICT
    30                           ; LIABILITY, OR TORT (INCLUDING NEGLIGENCE OR OTHERWISE) ARISING IN ANY WAY OUT OF THE U
                                 SE OF
    31                           ; THIS SOFTWARE, EVEN IF ADVISED OF THE POSSIBILITY OF SUCH DAMAGE.
    32                           ; 
    33                           
    34                           
    35                           ; 
    36                           ; Code-generator required, PIC16F15323 Definitions
    37                           ; 
    38  0008                     fsr0h equ 05h
    39  0005                     fsr0l equ 04h
    40  0004                     fsr1h equ 07h
    41  0007                     fsr1l equ 06h
    42  0006                     indf equ 00h
    43  0000                     indf0 equ 00h
    44  0000                     indf1 equ 01h
    45  0001                     intcon equ 0Bh
    46  000B                     pc equ 02h
    47  0002                     pcl equ 02h
    48  0002                     pclath equ 0Ah
    49  000A                     status equ 03h
    50  0003                     wreg equ 09h
    51  0009                     
     2                           opt pagewidth 120
     3  0000                     byte0	macro	val
     4                           	(getbyte(val,0))
     5                           endm
     6  0000                     byte1	macro	val
     7                           	(getbyte(val,1))
     8                           endm
     9  0000                     byte2	macro	val
    10                           	(getbyte(val,2))
    11                           endm
    12  0000                     byte3	macro	val
    13                           	(getbyte(val,3))
    14                           endm
    15  0000                     byte4	macro	val
    16                           	(getbyte(val,4))
    17                           endm
    18  0000                     byte5	macro	val
    19                           	(getbyte(val,5))
    20                           endm
    21  0000                     byte6	macro	val
    22                           	(getbyte(val,6))
    23                           endm
    24  0000                     byte7	macro	val
    25                           	(getbyte(val,7))
    26                           endm
    27  0000                     getword	macro	val,pos
    28                           	(((val) >> (8 * pos)) and 0xffff)
    29                           endm
    30  0000                     word0	macro	val
    31                           	(getword(val,0))
    32                           endm
    33  0000                     word1	macro	val
    34                           	(getword(val,2))
    35                           endm
    36  0000                     word2	macro	val
    37                           	(getword(val,4))
    38                           endm
    39  0000                     word3	macro	val
    40                           	(getword(val,6))
    41                           endm
    42  0000                     gettword	macro	val,pos
    43                           	(((val) >> (8 * pos)) and 0xffffff)
    44                           endm
    45  0000                     tword0	macro	val
    46                           	(gettword(val,0))
    47                           endm
    48  0000                     tword1	macro	val
    49                           	(gettword(val,3))
    50                           endm
    51  0000                     tword2	macro	val
    52                           	(gettword(val,6))
    53                           endm
    54  0000                     getdword	macro	val,pos
    55                           	(((val) >> (8 * pos)) and 0xffffffff)
    56                           endm
    57  0000                     dword0	macro	val
    58                           	(getdword(val,0))
    59                           endm
    60  0000                     dword1	macro	val
    61                           	(getdword(val,4))
    62                           endm
    63  0000                     clrc	macro
    64                           	bcf	3,0
    65                           	endm
    66  0000                     clrz	macro
    67                           	bcf	3,2
    68                           	endm
    69  0000                     setc	macro
    70                           	bsf	3,0
    71                           	endm
    72  0000                     setz	macro
    73                           	bsf	3,2
    74                           	endm
    75  0000                     skipc	macro
    76                           	btfss	3,0
    77                           	endm
    78  0000                     skipz	macro
    79                           	btfss	3,2
    80                           	endm
    81  0000                     skipnc	macro
    82                           	btfsc	3,0
    83                           	endm
    84  0000                     skipnz	macro
    85                           	btfsc	3,2
    86                           	endm
    87  0000                     pushw	macro
    88                           	movwi fsr1++
    89                           	endm
    90  0000                     popw	macro
    91                           	moviw --fsr1
    92                           	endm
    93  0000                     	FNROOT	_main
    94                           ; #config settings
    95                           	file	"C:\Users\DAVIDM~1\AppData\Local\Temp\sidc."
    96                           	line	#
    97                           psect cinit,class=CODE,delta=2
    98                           global start_initialization
    99                           start_initialization:
   100  07FE                     
   101                           global __initialization
   102                           __initialization:
   103  07FE                     psect cinit,class=CODE,delta=2,merge=1
   104                           global end_of_initialization,__end_of__initialization
   105                           
   106                           ;End of C runtime variable initialization code
   107                           
   108                           end_of_initialization:
   109  07FE                     __end_of__initialization:
   110  07FE                     movlb 0
   111  07FE  0140               ljmp _main	;jump to C main() function
   112  07FF  2FFD               psect	cstackCOMMON,class=COMMON,space=1,noexec
   113                           global __pcstackCOMMON
   114                           __pcstackCOMMON:
   115  0070                     ?_main:	; 2 bytes @ 0x0
   116  0070                     main@argc:	; 2 bytes @ 0x0
   117  0070                     	ds	2
   118  0070                     main@argv:	; 2 bytes @ 0x2
   119  0072                     	ds	2
   120  0072                     ??_main:	; 1 bytes @ 0x4
   121  0074                     ;!
   122                           ;!Data Sizes:
   123                           ;!    Strings     0
   124                           ;!    Constant    0
   125                           ;!    Data        0
   126                           ;!    BSS         0
   127                           ;!    Persistent  0
   128                           ;!    Stack       0
   129                           ;!
   130                           ;!Auto Spaces:
   131                           ;!    Space          Size  Autos    Used
   132                           ;!    COMMON           14      4       4
   133                           ;!    BANK0            80      0       0
   134                           ;!    BANK1            80      0       0
   135                           ;!    BANK2            80      0       0
   136                           
   137                           ;!
   138                           ;!Pointer List with Targets:
   139                           ;!
   140                           ;!    None.
   141                           
   142                           
   143                           ;!
   144                           ;!Critical Paths under _main in COMMON
   145                           ;!
   146                           ;!    None.
   147                           ;!
   148                           ;!Critical Paths under _main in BANK0
   149                           ;!
   150                           ;!    None.
   151                           ;!
   152                           ;!Critical Paths under _main in BANK1
   153                           ;!
   154                           ;!    None.
   155                           ;!
   156                           ;!Critical Paths under _main in BANK2
   157                           ;!
   158                           ;!    None.
   159                           
   160 ;;
   161 ;;Main: autosize = 0, tempsize = 0, incstack = 0, save=0
   162 ;;
   163                           
   164                           ;!
   165                           ;!Call Graph Tables:
   166                           ;!
   167                           ;! ---------------------------------------------------------------------------------
   168                           ;! (Depth) Function   	        Calls       Base Space   Used Autos Params    Refs
   169                           ;! ---------------------------------------------------------------------------------
   170                           ;! (0) _main                                                 4     0      4       0
   171                           ;!                                              0 COMMON     4     0      4
   172                           ;! ---------------------------------------------------------------------------------
   173                           ;! Estimated maximum stack depth 0
   174                           ;! ---------------------------------------------------------------------------------
   175                           ;!
   176                           ;! Call Graph Graphs:
   177                           ;!
   178                           ;! _main (ROOT)
   179                           ;!
   180                           
   181                           ;! Address spaces:
   182                           
   183                           ;!Name               Size   Autos  Total    Cost      Usage
   184                           ;!BIGRAM              F0      0       0       0        0.0%
   185                           ;!NULL                 0      0       0       0        0.0%
   186                           ;!CODE                 0      0       0       0        0.0%
   187                           ;!BITCOMMON            E      0       0       1        0.0%
   188                           ;!BITSFR0              0      0       0       1        0.0%
   189                           ;!SFR0                 0      0       0       1        0.0%
   190                           ;!COMMON               E      4       4       2       28.6%
   191                           ;!BITSFR1              0      0       0       2        0.0%
   192                           ;!SFR1                 0      0       0       2        0.0%
   193                           ;!BITSFR2              0      0       0       3        0.0%
   194                           ;!SFR2                 0      0       0       3        0.0%
   195                           ;!STACK                0      0       0       3        0.0%
   196                           ;!BITBANK0            50      0       0       4        0.0%
   197                           ;!BITSFR3              0      0       0       4        0.0%
   198                           ;!SFR3                 0      0       0       4        0.0%
   199                           ;!BANK0               50      0       0       5        0.0%
   200                           ;!BITSFR4              0      0       0       5        0.0%
   201                           ;!SFR4                 0      0       0       5        0.0%
   202                           ;!BITBANK1            50      0       0       6        0.0%
   203                           ;!BITSFR5              0      0       0       6        0.0%
   204                           ;!SFR5                 0      0       0       6        0.0%
   205                           ;!BANK1               50      0       0       7        0.0%
   206                           ;!BITSFR6              0      0       0       7        0.0%
   207                           ;!SFR6                 0      0       0       7        0.0%
   208                           ;!BITBANK2            50      0       0       8        0.0%
   209                           ;!BITSFR7              0      0       0       8        0.0%
   210                           ;!SFR7                 0      0       0       8        0.0%
   211                           ;!BANK2               50      0       0       9        0.0%
   212                           ;!BITSFR8              0      0       0       9        0.0%
   213                           ;!SFR8                 0      0       0       9        0.0%
   214                           ;!BITSFR9              0      0       0      10        0.0%
   215                           ;!SFR9                 0      0       0      10        0.0%
   216                           ;!ABS                  0      0       0      10        0.0%
   217                           ;!BITSFR10             0      0       0      11        0.0%
   218                           ;!SFR10                0      0       0      11        0.0%
   219                           ;!DATA                 0      0       0      11        0.0%
   220                           ;!BITSFR11             0      0       0      12        0.0%
   221                           ;!SFR11                0      0       0      12        0.0%
   222                           ;!BITSFR12             0      0       0      13        0.0%
   223                           ;!SFR12                0      0       0      13        0.0%
   224                           ;!BITSFR13             0      0       0      14        0.0%
   225                           ;!SFR13                0      0       0      14        0.0%
   226                           ;!BITSFR14             0      0       0      15        0.0%
   227                           ;!SFR14                0      0       0      15        0.0%
   228                           ;!BITSFR15             0      0       0      16        0.0%
   229                           ;!SFR15                0      0       0      16        0.0%
   230                           ;!BITSFR16             0      0       0      17        0.0%
   231                           ;!SFR16                0      0       0      17        0.0%
   232                           ;!BITSFR17             0      0       0      18        0.0%
   233                           ;!SFR17                0      0       0      18        0.0%
   234                           ;!BITSFR18             0      0       0      19        0.0%
   235                           ;!SFR18                0      0       0      19        0.0%
   236                           ;!BITSFR19             0      0       0      20        0.0%
   237                           ;!SFR19                0      0       0      20        0.0%
   238                           ;!BITSFR20             0      0       0      21        0.0%
   239                           ;!SFR20                0      0       0      21        0.0%
   240                           ;!BITSFR21             0      0       0      22        0.0%
   241                           ;!SFR21                0      0       0      22        0.0%
   242                           ;!BITSFR22             0      0       0      23        0.0%
   243                           ;!SFR22                0      0       0      23        0.0%
   244                           ;!BITSFR23             0      0       0      24        0.0%
   245                           ;!SFR23                0      0       0      24        0.0%
   246                           ;!BITSFR24             0      0       0      25        0.0%
   247                           ;!SFR24                0      0       0      25        0.0%
   248                           ;!BITSFR25             0      0       0      26        0.0%
   249                           ;!SFR25                0      0       0      26        0.0%
   250                           ;!BITSFR26             0      0       0      27        0.0%
   251                           ;!SFR26                0      0       0      27        0.0%
   252                           ;!BITSFR27             0      0       0      28        0.0%
   253                           ;!SFR27                0      0       0      28        0.0%
   254                           ;!BITSFR28             0      0       0      29        0.0%
   255                           ;!SFR28                0      0       0      29        0.0%
   256                           ;!BITSFR29             0      0       0      30        0.0%
   257                           ;!SFR29                0      0       0      30        0.0%
   258                           ;!BITSFR30             0      0       0      31        0.0%
   259                           ;!SFR30                0      0       0      31        0.0%
   260                           ;!BITSFR31             0      0       0      32        0.0%
   261                           ;!SFR31                0      0       0      32        0.0%
   262                           ;!BITSFR32             0      0       0      33        0.0%
   263                           ;!SFR32                0      0       0      33        0.0%
   264                           ;!BITSFR33             0      0       0      34        0.0%
   265                           ;!SFR33                0      0       0      34        0.0%
   266                           ;!BITSFR34             0      0       0      35        0.0%
   267                           ;!SFR34                0      0       0      35        0.0%
   268                           ;!BITSFR35             0      0       0      36        0.0%
   269                           ;!SFR35                0      0       0      36        0.0%
   270                           ;!BITSFR36             0      0       0      37        0.0%
   271                           ;!SFR36                0      0       0      37        0.0%
   272                           ;!BITSFR37             0      0       0      38        0.0%
   273                           ;!SFR37                0      0       0      38        0.0%
   274                           ;!BITSFR38             0      0       0      39        0.0%
   275                           ;!SFR38                0      0       0      39        0.0%
   276                           ;!BITSFR39             0      0       0      40        0.0%
   277                           ;!SFR39                0      0       0      40        0.0%
   278                           ;!BITSFR40             0      0       0      41        0.0%
   279                           ;!SFR40                0      0       0      41        0.0%
   280                           ;!BITSFR41             0      0       0      42        0.0%
   281                           ;!SFR41                0      0       0      42        0.0%
   282                           ;!BITSFR42             0      0       0      43        0.0%
   283                           ;!SFR42                0      0       0      43        0.0%
   284                           ;!BITSFR43             0      0       0      44        0.0%
   285                           ;!SFR43                0      0       0      44        0.0%
   286                           ;!BITSFR44             0      0       0      45        0.0%
   287                           ;!SFR44                0      0       0      45        0.0%
   288                           ;!BITSFR45             0      0       0      46        0.0%
   289                           ;!SFR45                0      0       0      46        0.0%
   290                           ;!BITSFR46             0      0       0      47        0.0%
   291                           ;!SFR46                0      0       0      47        0.0%
   292                           ;!BITSFR47             0      0       0      48        0.0%
   293                           ;!SFR47                0      0       0      48        0.0%
   294                           ;!BITSFR48             0      0       0      49        0.0%
   295                           ;!SFR48                0      0       0      49        0.0%
   296                           ;!BITSFR49             0      0       0      50        0.0%
   297                           ;!SFR49                0      0       0      50        0.0%
   298                           ;!BITSFR50             0      0       0      51        0.0%
   299                           ;!SFR50                0      0       0      51        0.0%
   300                           ;!BITSFR51             0      0       0      52        0.0%
   301                           ;!SFR51                0      0       0      52        0.0%
   302                           ;!BITSFR52             0      0       0      53        0.0%
   303                           ;!SFR52                0      0       0      53        0.0%
   304                           ;!BITSFR53             0      0       0      54        0.0%
   305                           ;!SFR53                0      0       0      54        0.0%
   306                           ;!BITSFR54             0      0       0      55        0.0%
   307                           ;!SFR54                0      0       0      55        0.0%
   308                           ;!BITSFR55             0      0       0      56        0.0%
   309                           ;!SFR55                0      0       0      56        0.0%
   310                           ;!BITSFR56             0      0       0      57        0.0%
   311                           ;!SFR56                0      0       0      57        0.0%
   312                           ;!BITSFR57             0      0       0      58        0.0%
   313                           ;!SFR57                0      0       0      58        0.0%
   314                           ;!BITSFR58             0      0       0      59        0.0%
   315                           ;!SFR58                0      0       0      59        0.0%
   316                           ;!BITSFR59             0      0       0      60        0.0%
   317                           ;!SFR59                0      0       0      60        0.0%
   318                           ;!BITSFR60             0      0       0      61        0.0%
   319                           ;!SFR60                0      0       0      61        0.0%
   320                           ;!BITSFR61             0      0       0      62        0.0%
   321                           ;!SFR61                0      0       0      62        0.0%
   322                           ;!BITSFR62             0      0       0      63        0.0%
   323                           ;!SFR62                0      0       0      63        0.0%
   324                           ;!BITSFR63             0      0       0      64        0.0%
   325                           ;!SFR63                0      0       0      64        0.0%
   326                           
   327                           	global	_main
   328                           
   329 ;; *************** function _main *****************
   330 ;; Defined at:
   331 ;;		line 14 in file "main.c"
   332 ;; Parameters:    Size  Location     Type
   333 ;;  argc            2    0[COMMON] int 
   334 ;;  argv            2    2[COMMON] PTR PTR unsigned char 
   335 ;; Auto vars:     Size  Location     Type
   336 ;;		None
   337 ;; Return value:  Size  Location     Type
   338 ;;                  2    0[COMMON] int 
   339 ;; Registers used:
   340 ;;		None
   341 ;; Tracked objects:
   342 ;;		On entry : B3F/0
   343 ;;		On exit  : 0/0
   344 ;;		Unchanged: 0/0
   345 ;; Data sizes:     COMMON   BANK0   BANK1   BANK2
   346 ;;      Params:         4       0       0       0
   347 ;;      Locals:         0       0       0       0
   348 ;;      Temps:          0       0       0       0
   349 ;;      Totals:         4       0       0       0
   350 ;;Total ram usage:        4 bytes
   351 ;; This function calls:
   352 ;;		Nothing
   353 ;; This function is called by:
   354 ;;		Startup code after reset
   355 ;; This function uses a non-reentrant model
   356 ;;
   357                           psect	maintext,global,class=CODE,delta=2,merge=1,split=1,group=0
   358                           	file	"main.c"
   359                           	line	14
   360                           global __pmaintext
   361                           __pmaintext:	;psect for function _main
   362  07FD                     psect	maintext
   363                           	file	"main.c"
   364                           	line	14
   365                           	global	__size_of_main
   366                           	__size_of_main	equ	__end_of_main-_main
   367  0001                     	
   368                           _main:	
   369  07FD                     ;incstack = 0
   370                           	opt	stack 16
   371                           ; Regs used in _main: []
   372                           	line	16
   373                           	
   374                           l450:	
   375  07FD                     	line	17
   376                           ;main.c: 16:     return (0);;	Return value of _main is never used
   377                           	
   378                           l5:	
   379  07FD                     	global	start
   380                           	ljmp	start
   381  07FD  2801               	opt stack 0
   382                           GLOBAL	__end_of_main
   383                           	__end_of_main:
   384  07FE                     	signat	_main,8314
   385                           global	___latbits
   386                           ___latbits	equ	0
   387  0000                     	global	btemp
   388                           	btemp set 07Eh
   389  007E                     
   390                           	DABS	1,126,2	;btemp
   391                           	global	wtemp0
   392                           	wtemp0 set btemp+0
   393  007E                     	end


Data Sizes:
    Strings     0
    Constant    0
    Data        0
    BSS         0
    Persistent  0
    Stack       0

Auto Spaces:
    Space          Size  Autos    Used
    COMMON           14      4       4
    BANK0            80      0       0
    BANK1            80      0       0
    BANK2            80      0       0

Pointer List with Targets:

    None.

Critical Paths under _main in COMMON

    None.

Critical Paths under _main in BANK0

    None.

Critical Paths under _main in BANK1

    None.

Critical Paths under _main in BANK2

    None.

Call Graph Tables:

 ---------------------------------------------------------------------------------
 (Depth) Function   	        Calls       Base Space   Used Autos Params    Refs
 ---------------------------------------------------------------------------------
 (0) _main                                                 4     0      4       0
                                              0 COMMON     4     0      4
 ---------------------------------------------------------------------------------
 Estimated maximum stack depth 0
 ---------------------------------------------------------------------------------

 Call Graph Graphs:

 _main (ROOT)

 Address spaces:
Name               Size   Autos  Total    Cost      Usage
BIGRAM              F0      0       0       0        0.0%
NULL                 0      0       0       0        0.0%
CODE                 0      0       0       0        0.0%
BITCOMMON            E      0       0       1        0.0%
BITSFR0              0      0       0       1        0.0%
SFR0                 0      0       0       1        0.0%
COMMON               E      4       4       2       28.6%
BITSFR1              0      0       0       2        0.0%
SFR1                 0      0       0       2        0.0%
BITSFR2              0      0       0       3        0.0%
SFR2                 0      0       0       3        0.0%
STACK                0      0       0       3        0.0%
BITBANK0            50      0       0       4        0.0%
BITSFR3              0      0       0       4        0.0%
SFR3                 0      0       0       4        0.0%
BANK0               50      0       0       5        0.0%
BITSFR4              0      0       0       5        0.0%
SFR4                 0      0       0       5        0.0%
BITBANK1            50      0       0       6        0.0%
BITSFR5              0      0       0       6        0.0%
SFR5                 0      0       0       6        0.0%
BANK1               50      0       0       7        0.0%
BITSFR6              0      0       0       7        0.0%
SFR6                 0      0       0       7        0.0%
BITBANK2            50      0       0       8        0.0%
BITSFR7              0      0       0       8        0.0%
SFR7                 0      0       0       8        0.0%
BANK2               50      0       0       9        0.0%
BITSFR8              0      0       0       9        0.0%
SFR8                 0      0       0       9        0.0%
BITSFR9              0      0       0      10        0.0%
SFR9                 0      0       0      10        0.0%
ABS                  0      0       0      10        0.0%
BITSFR10             0      0       0      11        0.0%
SFR10                0      0       0      11        0.0%
DATA                 0      0       0      11        0.0%
BITSFR11             0      0       0      12        0.0%
SFR11                0      0       0      12        0.0%
BITSFR12             0      0       0      13        0.0%
SFR12                0      0       0      13        0.0%
BITSFR13             0      0       0      14        0.0%
SFR13                0      0       0      14        0.0%
BITSFR14             0      0       0      15        0.0%
SFR14                0      0       0      15        0.0%
BITSFR15             0      0       0      16        0.0%
SFR15                0      0       0      16        0.0%
BITSFR16             0      0       0      17        0.0%
SFR16                0      0       0      17        0.0%
BITSFR17             0      0       0      18        0.0%
SFR17                0      0       0      18        0.0%
BITSFR18             0      0       0      19        0.0%
SFR18                0      0       0      19        0.0%
BITSFR19             0      0       0      20        0.0%
SFR19                0      0       0      20        0.0%
BITSFR20             0      0       0      21        0.0%
SFR20                0      0       0      21        0.0%
BITSFR21             0      0       0      22        0.0%
SFR21                0      0       0      22        0.0%
BITSFR22             0      0       0      23        0.0%
SFR22                0      0       0      23        0.0%
BITSFR23             0      0       0      24        0.0%
SFR23                0      0       0      24        0.0%
BITSFR24             0      0       0      25        0.0%
SFR24                0      0       0      25        0.0%
BITSFR25             0      0       0      26        0.0%
SFR25                0      0       0      26        0.0%
BITSFR26             0      0       0      27        0.0%
SFR26                0      0       0      27        0.0%
BITSFR27             0      0       0      28        0.0%
SFR27                0      0       0      28        0.0%
BITSFR28             0      0       0      29        0.0%
SFR28                0      0       0      29        0.0%
BITSFR29             0      0       0      30        0.0%
SFR29                0      0       0      30        0.0%
BITSFR30             0      0       0      31        0.0%
SFR30                0      0       0      31        0.0%
BITSFR31             0      0       0      32        0.0%
SFR31                0      0       0      32        0.0%
BITSFR32             0      0       0      33        0.0%
SFR32                0      0       0      33        0.0%
BITSFR33             0      0       0      34        0.0%
SFR33                0      0       0      34        0.0%
BITSFR34             0      0       0      35        0.0%
SFR34                0      0       0      35        0.0%
BITSFR35             0      0       0      36        0.0%
SFR35                0      0       0      36        0.0%
BITSFR36             0      0       0      37        0.0%
SFR36                0      0       0      37        0.0%
BITSFR37             0      0       0      38        0.0%
SFR37                0      0       0      38        0.0%
BITSFR38             0      0       0      39        0.0%
SFR38                0      0       0      39        0.0%
BITSFR39             0      0       0      40        0.0%
SFR39                0      0       0      40        0.0%
BITSFR40             0      0       0      41        0.0%
SFR40                0      0       0      41        0.0%
BITSFR41             0      0       0      42        0.0%
SFR41                0      0       0      42        0.0%
BITSFR42             0      0       0      43        0.0%
SFR42                0      0       0      43        0.0%
BITSFR43             0      0       0      44        0.0%
SFR43                0      0       0      44        0.0%
BITSFR44             0      0       0      45        0.0%
SFR44                0      0       0      45        0.0%
BITSFR45             0      0       0      46        0.0%
SFR45                0      0       0      46        0.0%
BITSFR46             0      0       0      47        0.0%
SFR46                0      0       0      47        0.0%
BITSFR47             0      0       0      48        0.0%
SFR47                0      0       0      48        0.0%
BITSFR48             0      0       0      49        0.0%
SFR48                0      0       0      49        0.0%
BITSFR49             0      0       0      50        0.0%
SFR49                0      0       0      50        0.0%
BITSFR50             0      0       0      51        0.0%
SFR50                0      0       0      51        0.0%
BITSFR51             0      0       0      52        0.0%
SFR51                0      0       0      52        0.0%
BITSFR52             0      0       0      53        0.0%
SFR52                0      0       0      53        0.0%
BITSFR53             0      0       0      54        0.0%
SFR53                0      0       0      54        0.0%
BITSFR54             0      0       0      55        0.0%
SFR54                0      0       0      55        0.0%
BITSFR55             0      0       0      56        0.0%
SFR55                0      0       0      56        0.0%
BITSFR56             0      0       0      57        0.0%
SFR56                0      0       0      57        0.0%
BITSFR57             0      0       0      58        0.0%
SFR57                0      0       0      58        0.0%
BITSFR58             0      0       0      59        0.0%
SFR58                0      0       0      59        0.0%
BITSFR59             0      0       0      60        0.0%
SFR59                0      0       0      60        0.0%
BITSFR60             0      0       0      61        0.0%
SFR60                0      0       0      61        0.0%
BITSFR61             0      0       0      62        0.0%
SFR61                0      0       0      62        0.0%
BITSFR62             0      0       0      63        0.0%
SFR62                0      0       0      63        0.0%
BITSFR63             0      0       0      64        0.0%
SFR63                0      0       0      64        0.0%


Microchip Technology PIC Macro Assembler V2.00 build -1524193055 
Symbol Table                                                                                   Thu Jul 19 20:49:36 2018

                      l5 07FD                      l450 07FD                     _main 07FD  
                   btemp 007E                     start 0001                    ?_main 0070  
                  wtemp0 007E          __initialization 07FE             __end_of_main 07FE  
                 ??_main 0074  __end_of__initialization 07FE           __pcstackCOMMON 0070  
             __pmaintext 07FD     end_of_initialization 07FE      start_initialization 07FE  
              ___latbits 0000            __size_of_main 0001                 main@argc 0070  
               main@argv 0072  
